<?xml version="1.0" encoding="UTF-8"?>
<testng-results ignored="0" total="1" passed="1" failed="0" skipped="0">
  <reporter-output>
  </reporter-output>
  <suite started-at="2026-02-04T05:33:27 UTC" name="Default suite" finished-at="2026-02-04T05:33:29 UTC" duration-ms="1650">
    <groups>
    </groups>
    <test started-at="2026-02-04T05:33:27 UTC" name="Default test" finished-at="2026-02-04T05:33:29 UTC" duration-ms="1650">
      <class name="authorization_sample.Oauth_sample">
        <test-method signature="two()[pri:0, instance:authorization_sample.Oauth_sample@1623b78d]" started-at="2026-02-04T05:33:27 UTC" name="two" finished-at="2026-02-04T05:33:29 UTC" duration-ms="1615" status="PASS">
          <reporter-output>
          </reporter-output>
        </test-method> <!-- two -->
      </class> <!-- authorization_sample.Oauth_sample -->
    </test> <!-- Default test -->
  </suite> <!-- Default suite -->
</testng-results>
