<?xml version="1.0" encoding="UTF-8"?>
<!-- Generated by org.testng.reporters.JUnitReportReporter -->
<testsuite hostname="ip-172-31-42-146" failures="0" tests="3" name="RestAssured_samples.sample_get" time="1.423" errors="0" timestamp="2026-02-02T10:11:23 UTC" skipped="2">
  <testcase classname="RestAssured_samples.sample_get" name="test_get" time="1.423"/>
  <testcase classname="RestAssured_samples.sample_get" name="test_get1">
    <skipped/>
  </testcase> <!-- test_get1 -->
  <testcase classname="RestAssured_samples.sample_get" name="test_get2">
    <skipped/>
  </testcase> <!-- test_get2 -->
</testsuite> <!-- RestAssured_samples.sample_get -->
