<?xml version="1.0" encoding="UTF-8"?>
<!-- Generated by org.testng.reporters.JUnitReportReporter -->
<testsuite hostname="ip-172-31-42-146" failures="0" tests="4" name="testngexmp.prior_exp" time="0.012" errors="0" timestamp="2026-01-21T09:24:30 UTC" skipped="0">
  <testcase classname="testngexmp.prior_exp" name="driver" time="0.008"/>
  <testcase classname="testngexmp.prior_exp" name="front" time="0.002"/>
  <testcase classname="testngexmp.prior_exp" name="back" time="0.001"/>
  <testcase classname="testngexmp.prior_exp" name="baby" time="0.001"/>
</testsuite> <!-- testngexmp.prior_exp -->
