<?xml version="1.0" encoding="UTF-8"?>
<!-- Generated by org.testng.reporters.JUnitReportReporter -->
<testsuite hostname="ip-172-31-42-146" failures="0" tests="3" name="testngexmp.NewTest1" time="0.012" errors="0" timestamp="2026-01-21T05:23:42 UTC" skipped="0">
  <testcase classname="testngexmp.NewTest1" name="test1" time="0.002"/>
  <testcase classname="testngexmp.NewTest1" name="test2" time="0.001"/>
  <testcase classname="testngexmp.NewTest1" name="test" time="0.009"/>
</testsuite> <!-- testngexmp.NewTest1 -->
