<?xml version="1.0" encoding="UTF-8"?>
<!-- Generated by org.testng.reporters.JUnitXMLReporter -->
<testsuite ignored="0" hostname="ip-172-31-42-146" failures="3" tests="3" name="Test" time="6.593" errors="0" timestamp="2026-02-02T04:20:42 UTC">
  <testcase classname="io.cucumber.testng.AbstractTestNGCucumberTests" name="runScenario" time="2.336">
    <failure type="io.cucumber.java.PendingException" message="TODO: implement me">
      <![CDATA[io.cucumber.java.PendingException: TODO: implement me
at stepdefinition.logindemo.user_enters_standard_user_and_secret_sauce(logindemo.java:10)
at ✽.user enters standard_user and secret_sauce(file:///home/labuser/eclipse-workspace/cucu.maven/src/test/resources/Feature/logindemo.feature:6)
]]>
    </failure>
  </testcase> <!-- runScenario -->
  <testcase classname="io.cucumber.testng.AbstractTestNGCucumberTests" name="runScenario" time="1.935">
    <failure type="io.cucumber.java.PendingException" message="TODO: implement me">
      <![CDATA[io.cucumber.java.PendingException: TODO: implement me
at stepdefinition.logindemo.user_enters_locked_out_user_and_secret_sauce(logindemo.java:28)
at ✽.user enters locked_out_user and secret_sauce(file:///home/labuser/eclipse-workspace/cucu.maven/src/test/resources/Feature/logindemo.feature:6)
]]>
    </failure>
  </testcase> <!-- runScenario -->
  <testcase classname="io.cucumber.testng.AbstractTestNGCucumberTests" name="runScenario" time="1.878">
    <failure type="io.cucumber.java.PendingException" message="TODO: implement me">
      <![CDATA[io.cucumber.java.PendingException: TODO: implement me
at stepdefinition.logindemo.user_enters_pooji_and(logindemo.java:34)
at ✽.user enters pooji and 12345(file:///home/labuser/eclipse-workspace/cucu.maven/src/test/resources/Feature/logindemo.feature:6)
]]>
    </failure>
  </testcase> <!-- runScenario -->
</testsuite> <!-- Test -->
